<?xml version="1.0" encoding="UTF-8"?>
<testng-results ignored="0" total="1" passed="1" failed="0" skipped="0">
  <reporter-output>
  </reporter-output>
  <suite started-at="2025-09-25T11:01:20 IST" name="Default suite" finished-at="2025-09-25T11:01:38 IST" duration-ms="17735">
    <groups>
    </groups>
    <test started-at="2025-09-25T11:01:20 IST" name="Default test" finished-at="2025-09-25T11:01:38 IST" duration-ms="17735">
      <class name="TestClass.Registration_Ensure_cr">
        <test-method is-config="true" signature="setup()[pri:0, instance:TestClass.Registration_Ensure_cr@f5958c9]" started-at="2025-09-25T11:01:20 IST" name="setup" finished-at="2025-09-25T11:01:30 IST" duration-ms="9880" status="PASS">
          <reporter-output>
          </reporter-output>
        </test-method> <!-- setup -->
        <test-method signature="Verify_Registration()[pri:0, instance:TestClass.Registration_Ensure_cr@f5958c9]" started-at="2025-09-25T11:01:30 IST" name="Verify_Registration" finished-at="2025-09-25T11:01:38 IST" duration-ms="7776" status="PASS">
          <reporter-output>
          </reporter-output>
        </test-method> <!-- Verify_Registration -->
      </class> <!-- TestClass.Registration_Ensure_cr -->
    </test> <!-- Default test -->
  </suite> <!-- Default suite -->
</testng-results>
